<?xml version="1.0" encoding="UTF-8"?>
<!-- Generated by org.testng.reporters.JUnitXMLReporter -->
<testsuite hostname="DESKTOP-Q13OS2E" failures="0" tests="10" name="Default test" time="101.199" errors="0" timestamp="28 Nov 2022 10:14:51 GMT">
  <testcase classname="test.Mxplayer" name="tc1" time="10.322"/>
  <testcase classname="test.Mxplayer" name="tc2" time="5.281"/>
  <testcase classname="test.Mxplayer" name="tc3" time="5.098"/>
  <testcase classname="test.Mxplayer" name="tc4" time="25.239"/>
  <testcase classname="test.Mxplayer" name="tc5" time="5.163"/>
  <testcase classname="test.Mxplayer" name="tc6" time="3.121"/>
  <testcase classname="test.Mxplayer" name="tc7" time="3.205"/>
  <testcase classname="test.Mxplayer" name="tc8" time="15.546"/>
  <testcase classname="test.Mxplayer" name="tc9" time="6.347"/>
  <testcase classname="test.Mxplayer" name="tc10" time="10.312"/>
</testsuite> <!-- Default test -->
