<?xml version="1.0" encoding="UTF-8"?>
<testng-results total="10" passed="10" failed="0" skipped="0">
  <reporter-output>
  </reporter-output>
  <suite started-at="2022-11-28T10:13:10Z" name="Default suite" finished-at="2022-11-28T10:14:51Z" duration-ms="101199">
    <groups>
    </groups>
    <test started-at="2022-11-28T10:13:10Z" name="Default test" finished-at="2022-11-28T10:14:51Z" duration-ms="101199">
      <class name="test.Mxplayer">
        <test-method is-config="true" signature="beforetest()[pri:0, instance:test.Mxplayer@5b6ec132]" started-at="2022-11-28T15:43:10Z" name="beforetest" finished-at="2022-11-28T15:43:19Z" duration-ms="8468" status="PASS">
          <reporter-output>
          </reporter-output>
        </test-method> <!-- beforetest -->
        <test-method signature="tc1()[pri:0, instance:test.Mxplayer@5b6ec132]" started-at="2022-11-28T15:43:19Z" name="tc1" finished-at="2022-11-28T15:43:29Z" duration-ms="10322" status="PASS">
          <reporter-output>
          </reporter-output>
        </test-method> <!-- tc1 -->
        <test-method signature="tc2()[pri:1, instance:test.Mxplayer@5b6ec132]" started-at="2022-11-28T15:43:29Z" name="tc2" finished-at="2022-11-28T15:43:34Z" duration-ms="5281" status="PASS">
          <reporter-output>
          </reporter-output>
        </test-method> <!-- tc2 -->
        <test-method signature="tc3()[pri:2, instance:test.Mxplayer@5b6ec132]" started-at="2022-11-28T15:43:34Z" name="tc3" finished-at="2022-11-28T15:43:39Z" duration-ms="5098" status="PASS">
          <reporter-output>
          </reporter-output>
        </test-method> <!-- tc3 -->
        <test-method signature="tc4()[pri:3, instance:test.Mxplayer@5b6ec132]" started-at="2022-11-28T15:43:39Z" name="tc4" finished-at="2022-11-28T15:44:05Z" duration-ms="25239" status="PASS">
          <reporter-output>
          </reporter-output>
        </test-method> <!-- tc4 -->
        <test-method signature="tc5()[pri:4, instance:test.Mxplayer@5b6ec132]" started-at="2022-11-28T15:44:05Z" name="tc5" finished-at="2022-11-28T15:44:10Z" duration-ms="5163" status="PASS">
          <reporter-output>
          </reporter-output>
        </test-method> <!-- tc5 -->
        <test-method signature="tc6()[pri:5, instance:test.Mxplayer@5b6ec132]" started-at="2022-11-28T15:44:10Z" name="tc6" finished-at="2022-11-28T15:44:13Z" duration-ms="3121" status="PASS">
          <reporter-output>
          </reporter-output>
        </test-method> <!-- tc6 -->
        <test-method signature="tc7()[pri:6, instance:test.Mxplayer@5b6ec132]" started-at="2022-11-28T15:44:13Z" name="tc7" finished-at="2022-11-28T15:44:16Z" duration-ms="3205" status="PASS">
          <reporter-output>
          </reporter-output>
        </test-method> <!-- tc7 -->
        <test-method signature="tc8()[pri:7, instance:test.Mxplayer@5b6ec132]" started-at="2022-11-28T15:44:16Z" name="tc8" finished-at="2022-11-28T15:44:32Z" duration-ms="15546" status="PASS">
          <reporter-output>
          </reporter-output>
        </test-method> <!-- tc8 -->
        <test-method signature="tc9()[pri:8, instance:test.Mxplayer@5b6ec132]" started-at="2022-11-28T15:44:32Z" name="tc9" finished-at="2022-11-28T15:44:38Z" duration-ms="6347" status="PASS">
          <reporter-output>
          </reporter-output>
        </test-method> <!-- tc9 -->
        <test-method signature="tc10()[pri:9, instance:test.Mxplayer@5b6ec132]" started-at="2022-11-28T15:44:38Z" name="tc10" finished-at="2022-11-28T15:44:48Z" duration-ms="10312" status="PASS">
          <reporter-output>
          </reporter-output>
        </test-method> <!-- tc10 -->
        <test-method is-config="true" signature="aftertest()[pri:0, instance:test.Mxplayer@5b6ec132]" started-at="2022-11-28T15:44:48Z" name="aftertest" finished-at="2022-11-28T15:44:51Z" duration-ms="3046" status="PASS">
          <reporter-output>
          </reporter-output>
        </test-method> <!-- aftertest -->
      </class> <!-- test.Mxplayer -->
    </test> <!-- Default test -->
  </suite> <!-- Default suite -->
</testng-results>
